<?xml version="1.0" encoding="UTF-8"?>
<testsuite name="com.example.awen.smartwatchapp.MainActivityTest" tests="4" skipped="0" failures="0" errors="0" timestamp="2020-03-25T03:47:31" hostname="Lu-Sheng-Wende-MacBook-Pro.local" time="0.002">
  <properties/>
  <testcase name="onRequestPermissionsResult" classname="com.example.awen.smartwatchapp.MainActivityTest" time="0.001"/>
  <testcase name="onActivityResult" classname="com.example.awen.smartwatchapp.MainActivityTest" time="0.0"/>
  <testcase name="sendToMySQL" classname="com.example.awen.smartwatchapp.MainActivityTest" time="0.0"/>
  <testcase name="readyToScan" classname="com.example.awen.smartwatchapp.MainActivityTest" time="0.0"/>
  <system-out><![CDATA[]]></system-out>
  <system-err><![CDATA[]]></system-err>
</testsuite>
