<?xml version="1.0" encoding="UTF-8"?>
<testsuite name="com.example.awen.smartwatchapp.ExampleUnitTest" tests="1" skipped="0" failures="0" errors="0" timestamp="2020-03-25T03:47:29" hostname="Lu-Sheng-Wende-MacBook-Pro.local" time="0.0">
  <properties/>
  <testcase name="addition_isCorrect" classname="com.example.awen.smartwatchapp.ExampleUnitTest" time="0.0"/>
  <system-out><![CDATA[]]></system-out>
  <system-err><![CDATA[]]></system-err>
</testsuite>
